{
  "RSpec": {
    "coverage": {
      "/Users/joeyreyes/turing_work/3mod/final_project/weather-sweater/config/environment.rb": {
        "lines": [
          null,
          1,
          null,
          null,
          1
        ]
      },
      "/Users/joeyreyes/turing_work/3mod/final_project/weather-sweater/config/application.rb": {
        "lines": [
          1,
          null,
          1,
          null,
          1,
          1,
          1,
          1,
          1,
          1,
          1,
          1,
          1,
          1,
          null,
          null,
          null,
          null,
          1,
          null,
          1,
          1,
          null,
          1,
          null,
          null,
          null,
          null,
          1,
          null,
          null,
          null,
          null,
          null,
          null,
          null,
          null,
          null,
          null,
          null,
          null,
          1,
          null,
          null
        ]
      },
      "/Users/joeyreyes/turing_work/3mod/final_project/weather-sweater/config/boot.rb": {
        "lines": [
          1,
          null,
          1,
          1
        ]
      },
      "/Users/joeyreyes/turing_work/3mod/final_project/weather-sweater/config/environments/test.rb": {
        "lines": [
          1,
          null,
          null,
          null,
          null,
          null,
          null,
          1,
          null,
          null,
          null,
          1,
          null,
          null,
          null,
          null,
          null,
          1,
          null,
          null,
          1,
          1,
          null,
          null,
          null,
          null,
          1,
          1,
          1,
          null,
          null,
          1,
          null,
          null,
          1,
          null,
          null,
          1,
          null,
          1,
          null,
          null,
          null,
          null,
          1,
          null,
          null,
          1,
          null,
          null,
          1,
          null,
          null,
          1,
          null,
          null,
          null,
          null,
          null,
          null,
          null,
          null,
          1,
          null
        ]
      },
      "/Users/joeyreyes/turing_work/3mod/final_project/weather-sweater/config/initializers/cors.rb": {
        "lines": [
          null,
          null,
          null,
          null,
          null,
          null,
          null,
          null,
          null,
          null,
          null,
          null,
          null,
          null,
          null,
          null
        ]
      },
      "/Users/joeyreyes/turing_work/3mod/final_project/weather-sweater/config/initializers/filter_parameter_logging.rb": {
        "lines": [
          null,
          null,
          null,
          null,
          null,
          1,
          null,
          null
        ]
      },
      "/Users/joeyreyes/turing_work/3mod/final_project/weather-sweater/config/initializers/inflections.rb": {
        "lines": [
          null,
          null,
          null,
          null,
          null,
          null,
          null,
          null,
          null,
          null,
          null,
          null,
          null,
          null,
          null,
          null
        ]
      },
      "/Users/joeyreyes/turing_work/3mod/final_project/weather-sweater/config/routes.rb": {
        "lines": [
          1,
          null,
          null,
          null,
          null,
          1,
          1,
          1,
          1,
          1,
          1,
          1,
          null,
          null,
          null,
          null,
          null
        ]
      },
      "/Users/joeyreyes/turing_work/3mod/final_project/weather-sweater/app/facades/trip_facade.rb": {
        "lines": [
          1,
          1,
          1,
          1,
          null,
          1,
          null,
          null,
          1,
          2,
          0,
          null,
          0,
          null,
          null,
          null,
          null,
          0,
          null,
          null,
          1,
          3,
          null,
          null,
          1,
          2,
          2,
          null,
          null
        ]
      },
      "/Users/joeyreyes/turing_work/3mod/final_project/weather-sweater/app/services/trip_service.rb": {
        "lines": [
          1,
          1,
          2,
          null,
          null,
          1,
          5,
          5,
          null,
          null,
          null,
          1,
          2,
          2,
          null,
          null,
          1,
          3,
          1,
          null,
          null,
          1,
          3,
          3,
          3,
          null,
          null,
          null
        ]
      }
    },
    "timestamp": 1713966198
  }
}
